{"type":"server-started","port":52734,"host":"127.0.0.1","url_host":"localhost","url":"http://localhost:52734","screen_dir":"/Users/candice/Desktop/med-warrant/.superpowers/brainstorm/14909-1780693504/content","state_dir":"/Users/candice/Desktop/med-warrant/.superpowers/brainstorm/14909-1780693504/state"}
{"type":"screen-added","file":"/Users/candice/Desktop/med-warrant/.superpowers/brainstorm/14909-1780693504/content/radar-placement.html"}
{"type":"screen-updated","file":"/Users/candice/Desktop/med-warrant/.superpowers/brainstorm/14909-1780693504/content/radar-placement.html"}
{"type":"screen-updated","file":"/Users/candice/Desktop/med-warrant/.superpowers/brainstorm/14909-1780693504/content/radar-placement.html"}
{"source":"user-event","type":"click","text":"CASES\n          warfarin case\n          chest pain\n          paracetamol\n        \n        \n        \n          \n          \n            Scorecard\n            ◉ Profile\n          \n          \n          Monitoring & follow-up · T2 · 45%\n          Dosing accuracy · T4 · 80%\n          Drug-interaction · T1 · 88%\n          Completeness · T1 · 75%\n        \n      \n    \n    \n      B — Separate \"Profile\" tab\n      Second tab next to Scorecard. Switch between detailed row view and radar overview. Keeps scorecard uncluttered.","choice":"B","id":null,"timestamp":1780693572293}
{"type":"screen-added","file":"/Users/candice/Desktop/med-warrant/.superpowers/brainstorm/14909-1780693504/content/waiting-1.html"}
{"type":"screen-updated","file":"/Users/candice/Desktop/med-warrant/.superpowers/brainstorm/14909-1780693504/content/waiting-1.html"}
{"type":"screen-updated","file":"/Users/candice/Desktop/med-warrant/.superpowers/brainstorm/14909-1780693504/content/waiting-1.html"}
{"type":"screen-added","file":"/Users/candice/Desktop/med-warrant/.superpowers/brainstorm/14909-1780693504/content/radar-axes.html"}
{"type":"screen-updated","file":"/Users/candice/Desktop/med-warrant/.superpowers/brainstorm/14909-1780693504/content/radar-axes.html"}
{"type":"screen-updated","file":"/Users/candice/Desktop/med-warrant/.superpowers/brainstorm/14909-1780693504/content/radar-axes.html"}
{"type":"screen-added","file":"/Users/candice/Desktop/med-warrant/.superpowers/brainstorm/14909-1780693504/content/waiting-2.html"}
{"type":"screen-updated","file":"/Users/candice/Desktop/med-warrant/.superpowers/brainstorm/14909-1780693504/content/waiting-2.html"}
{"type":"screen-updated","file":"/Users/candice/Desktop/med-warrant/.superpowers/brainstorm/14909-1780693504/content/waiting-2.html"}
{"type":"screen-added","file":"/Users/candice/Desktop/med-warrant/.superpowers/brainstorm/14909-1780693504/content/profile-tab-mockup.html"}
{"type":"screen-updated","file":"/Users/candice/Desktop/med-warrant/.superpowers/brainstorm/14909-1780693504/content/profile-tab-mockup.html"}
{"type":"screen-updated","file":"/Users/candice/Desktop/med-warrant/.superpowers/brainstorm/14909-1780693504/content/profile-tab-mockup.html"}
{"source":"user-event","type":"click","text":"✓\n    \n      Approve this design\n      Looks right — write the spec doc and move to implementation plan","choice":"approve","id":null,"timestamp":1780694062385}
{"type":"screen-added","file":"/Users/candice/Desktop/med-warrant/.superpowers/brainstorm/14909-1780693504/content/waiting-3.html"}
{"type":"screen-updated","file":"/Users/candice/Desktop/med-warrant/.superpowers/brainstorm/14909-1780693504/content/waiting-3.html"}
{"type":"screen-updated","file":"/Users/candice/Desktop/med-warrant/.superpowers/brainstorm/14909-1780693504/content/waiting-3.html"}
{"type":"server-stopped","reason":"idle timeout"}
